The system is: Windows - 10.0.22000 - AMD64
Compiling the C compiler identification source file "CMakeCCompilerId.c" succeeded.
Compiler: D:/allSoftware/visualstudio/ide/VC/Tools/MSVC/14.29.30133/bin/Hostx64/x64/cl.exe 
Build flags: 
Id flags:  

The output was:
0
用于 x64 的 Microsoft (R) C/C++ 优化编译器 19.29.30133 版
版权所有(C) Microsoft Corporation。保留所有权利。

CMakeCCompilerId.c
Microsoft (R) Incremental Linker Version 14.29.30133.0
Copyright (C) Microsoft Corporation.  All rights reserved.

/out:CMakeCCompilerId.exe 
CMakeCCompilerId.obj 


Compilation of the C compiler identification source "CMakeCCompilerId.c" produced "CMakeCCompilerId.exe"

Compilation of the C compiler identification source "CMakeCCompilerId.c" produced "CMakeCCompilerId.obj"

The C compiler identification is MSVC, found in "E:/design-patterns_-yun/cpp_design_pattern/build/CMakeFiles/3.20.21032501-MSVC_2/CompilerIdC/CMakeCCompilerId.exe"

Compiling the CXX compiler identification source file "CMakeCXXCompilerId.cpp" succeeded.
Compiler: D:/allSoftware/visualstudio/ide/VC/Tools/MSVC/14.29.30133/bin/Hostx64/x64/cl.exe 
Build flags: 
Id flags:  

The output was:
0
用于 x64 的 Microsoft (R) C/C++ 优化编译器 19.29.30133 版
版权所有(C) Microsoft Corporation。保留所有权利。

CMakeCXXCompilerId.cpp
Microsoft (R) Incremental Linker Version 14.29.30133.0
Copyright (C) Microsoft Corporation.  All rights reserved.

/out:CMakeCXXCompilerId.exe 
CMakeCXXCompilerId.obj 


Compilation of the CXX compiler identification source "CMakeCXXCompilerId.cpp" produced "CMakeCXXCompilerId.exe"

Compilation of the CXX compiler identification source "CMakeCXXCompilerId.cpp" produced "CMakeCXXCompilerId.obj"

The CXX compiler identification is MSVC, found in "E:/design-patterns_-yun/cpp_design_pattern/build/CMakeFiles/3.20.21032501-MSVC_2/CompilerIdCXX/CMakeCXXCompilerId.exe"

Detecting C compiler ABI info compiled with the following output:
Change Dir: E:/design-patterns_-yun/cpp_design_pattern/build/CMakeFiles/CMakeTmp

Run Build Command(s):D:/allSoftware/mingw64/bin/mingw32-make.exe -f Makefile cmTC_3edb4/fast && D:/allSoftware/mingw64/bin/mingw32-make.exe  -f CMakeFiles\cmTC_3edb4.dir\build.make CMakeFiles/cmTC_3edb4.dir/build
mingw32-make.exe[1]: Entering directory 'E:/design-patterns_-yun/cpp_design_pattern/build/CMakeFiles/CMakeTmp'
Building C object CMakeFiles/cmTC_3edb4.dir/CMakeCCompilerABI.c.obj
D:\allSoftware\visualstudio\ide\Common7\IDE\CommonExtensions\Microsoft\CMake\CMake\bin\cmake.exe -E cmake_cl_compile_depends --dep-file=CMakeFiles\cmTC_3edb4.dir\CMakeCCompilerABI.c.obj.d --working-dir=E:\design-patterns_-yun\cpp_design_pattern\build\CMakeFiles\CMakeTmp --filter-prefix="娉ㄦ剰: 鍖呭惈鏂囦欢:  " -- D:\allSoftware\visualstudio\ide\VC\Tools\MSVC\14.29.30133\bin\Hostx64\x64\cl.exe  /nologo   /DWIN32 /D_WINDOWS /W3  /MDd /Zi /Ob0 /Od /RTC1 /showIncludes /FoCMakeFiles\cmTC_3edb4.dir\CMakeCCompilerABI.c.obj /FdCMakeFiles\cmTC_3edb4.dir/ /FS -c D:\allSoftware\visualstudio\ide\Common7\IDE\CommonExtensions\Microsoft\CMake\CMake\share\cmake-3.20\Modules\CMakeCCompilerABI.c
CMakeCCompilerABI.c
?鈷? 鍖呭惈鏂囦欢:  D:\allSoftware\visualstudio\ide\Common7\IDE\CommonExtensions\Microsoft\CMake\CMake\share\cmake-3.20\Modules\CMakeCompilerABI.h
Linking C executable cmTC_3edb4.exe
D:\allSoftware\visualstudio\ide\Common7\IDE\CommonExtensions\Microsoft\CMake\CMake\bin\cmake.exe -E cmake_link_script CMakeFiles\cmTC_3edb4.dir\link.txt --verbose=1
D:\allSoftware\visualstudio\ide\Common7\IDE\CommonExtensions\Microsoft\CMake\CMake\bin\cmake.exe -E vs_link_exe --intdir=CMakeFiles\cmTC_3edb4.dir --rc=D:\WINDOW~1\10\bin\100190~1.0\x64\rc.exe --mt=D:\WINDOW~1\10\bin\100190~1.0\x64\mt.exe --manifests -- D:\allSoftware\visualstudio\ide\VC\Tools\MSVC\14.29.30133\bin\Hostx64\x64\link.exe /nologo @CMakeFiles\cmTC_3edb4.dir\objects1.rsp  /out:cmTC_3edb4.exe /implib:cmTC_3edb4.lib /pdb:E:\design-patterns_-yun\cpp_design_pattern\build\CMakeFiles\CMakeTmp\cmTC_3edb4.pdb /version:0.0 /machine:x64  /debug /INCREMENTAL /subsystem:console  kernel32.lib user32.lib gdi32.lib winspool.lib shell32.lib ole32.lib oleaut32.lib uuid.lib comdlg32.lib advapi32.lib 
mingw32-make.exe[1]: Leaving directory 'E:/design-patterns_-yun/cpp_design_pattern/build/CMakeFiles/CMakeTmp'



Detecting CXX compiler ABI info compiled with the following output:
Change Dir: E:/design-patterns_-yun/cpp_design_pattern/build/CMakeFiles/CMakeTmp

Run Build Command(s):D:/allSoftware/mingw64/bin/mingw32-make.exe -f Makefile cmTC_f36bc/fast && D:/allSoftware/mingw64/bin/mingw32-make.exe  -f CMakeFiles\cmTC_f36bc.dir\build.make CMakeFiles/cmTC_f36bc.dir/build
mingw32-make.exe[1]: Entering directory 'E:/design-patterns_-yun/cpp_design_pattern/build/CMakeFiles/CMakeTmp'
Building CXX object CMakeFiles/cmTC_f36bc.dir/CMakeCXXCompilerABI.cpp.obj
D:\allSoftware\visualstudio\ide\Common7\IDE\CommonExtensions\Microsoft\CMake\CMake\bin\cmake.exe -E cmake_cl_compile_depends --dep-file=CMakeFiles\cmTC_f36bc.dir\CMakeCXXCompilerABI.cpp.obj.d --working-dir=E:\design-patterns_-yun\cpp_design_pattern\build\CMakeFiles\CMakeTmp --filter-prefix="娉ㄦ剰: 鍖呭惈鏂囦欢:  " -- D:\allSoftware\visualstudio\ide\VC\Tools\MSVC\14.29.30133\bin\Hostx64\x64\cl.exe  /nologo /TP   /DWIN32 /D_WINDOWS /W3 /GR /EHsc  /MDd /Zi /Ob0 /Od /RTC1 /showIncludes /FoCMakeFiles\cmTC_f36bc.dir\CMakeCXXCompilerABI.cpp.obj /FdCMakeFiles\cmTC_f36bc.dir/ /FS -c D:\allSoftware\visualstudio\ide\Common7\IDE\CommonExtensions\Microsoft\CMake\CMake\share\cmake-3.20\Modules\CMakeCXXCompilerABI.cpp
CMakeCXXCompilerABI.cpp
?鈷? 鍖呭惈鏂囦欢:  D:\allSoftware\visualstudio\ide\Common7\IDE\CommonExtensions\Microsoft\CMake\CMake\share\cmake-3.20\Modules\CMakeCompilerABI.h
Linking CXX executable cmTC_f36bc.exe
D:\allSoftware\visualstudio\ide\Common7\IDE\CommonExtensions\Microsoft\CMake\CMake\bin\cmake.exe -E cmake_link_script CMakeFiles\cmTC_f36bc.dir\link.txt --verbose=1
D:\allSoftware\visualstudio\ide\Common7\IDE\CommonExtensions\Microsoft\CMake\CMake\bin\cmake.exe -E vs_link_exe --intdir=CMakeFiles\cmTC_f36bc.dir --rc=D:\WINDOW~1\10\bin\100190~1.0\x64\rc.exe --mt=D:\WINDOW~1\10\bin\100190~1.0\x64\mt.exe --manifests -- D:\allSoftware\visualstudio\ide\VC\Tools\MSVC\14.29.30133\bin\Hostx64\x64\link.exe /nologo @CMakeFiles\cmTC_f36bc.dir\objects1.rsp  /out:cmTC_f36bc.exe /implib:cmTC_f36bc.lib /pdb:E:\design-patterns_-yun\cpp_design_pattern\build\CMakeFiles\CMakeTmp\cmTC_f36bc.pdb /version:0.0 /machine:x64  /debug /INCREMENTAL /subsystem:console  kernel32.lib user32.lib gdi32.lib winspool.lib shell32.lib ole32.lib oleaut32.lib uuid.lib comdlg32.lib advapi32.lib 
mingw32-make.exe[1]: Leaving directory 'E:/design-patterns_-yun/cpp_design_pattern/build/CMakeFiles/CMakeTmp'



